<?xml version="1.0" encoding="UTF-8"?>
<coverage generated="1605880679">
  <project timestamp="1605880679">
    <file name="/home/runner/work/sanitize-image/sanitize-image/src/Services/ImageCleaningService.php">
      <class name="App\Services\ImageCleaningService" namespace="global">
        <metrics complexity="16" methods="10" coveredmethods="0" conditionals="0" coveredconditionals="0" statements="36" coveredstatements="0" elements="46" coveredelements="0"/>
      </class>
      <line num="27" type="method" name="initBase64" visibility="public" complexity="3" crap="12" count="0"/>
      <line num="29" type="stmt" count="0"/>
      <line num="30" type="stmt" count="0"/>
      <line num="33" type="stmt" count="0"/>
      <line num="34" type="stmt" count="0"/>
      <line num="37" type="stmt" count="0"/>
      <line num="40" type="method" name="setResolution" visibility="public" complexity="1" crap="2" count="0"/>
      <line num="42" type="stmt" count="0"/>
      <line num="47" type="stmt" count="0"/>
      <line num="50" type="method" name="clean" visibility="public" complexity="1" crap="2" count="0"/>
      <line num="52" type="stmt" count="0"/>
      <line num="54" type="stmt" count="0"/>
      <line num="56" type="stmt" count="0"/>
      <line num="59" type="method" name="resize" visibility="public" complexity="4" crap="20" count="0"/>
      <line num="61" type="stmt" count="0"/>
      <line num="62" type="stmt" count="0"/>
      <line num="63" type="stmt" count="0"/>
      <line num="64" type="stmt" count="0"/>
      <line num="66" type="stmt" count="0"/>
      <line num="67" type="stmt" count="0"/>
      <line num="71" type="stmt" count="0"/>
      <line num="72" type="stmt" count="0"/>
      <line num="80" type="stmt" count="0"/>
      <line num="88" type="method" name="getBaseWebp" visibility="public" complexity="1" crap="2" count="0"/>
      <line num="90" type="stmt" count="0"/>
      <line num="91" type="stmt" count="0"/>
      <line num="92" type="stmt" count="0"/>
      <line num="94" type="stmt" count="0"/>
      <line num="97" type="method" name="getBaseJpeg" visibility="public" complexity="1" crap="2" count="0"/>
      <line num="99" type="stmt" count="0"/>
      <line num="100" type="stmt" count="0"/>
      <line num="101" type="stmt" count="0"/>
      <line num="102" type="stmt" count="0"/>
      <line num="104" type="stmt" count="0"/>
      <line num="107" type="method" name="stripImage" visibility="private" complexity="1" crap="2" count="0"/>
      <line num="109" type="stmt" count="0"/>
      <line num="110" type="stmt" count="0"/>
      <line num="113" type="method" name="makeImage" visibility="private" complexity="1" crap="2" count="0"/>
      <line num="115" type="stmt" count="0"/>
      <line num="116" type="stmt" count="0"/>
      <line num="119" type="method" name="validFormat" visibility="private" complexity="2" crap="6" count="0"/>
      <line num="121" type="stmt" count="0"/>
      <line num="122" type="stmt" count="0"/>
      <line num="125" type="stmt" count="0"/>
      <line num="128" type="method" name="getBareImage" visibility="private" complexity="1" crap="2" count="0"/>
      <line num="130" type="stmt" count="0"/>
      <metrics loc="132" ncloc="122" classes="1" methods="10" coveredmethods="0" conditionals="0" coveredconditionals="0" statements="36" coveredstatements="0" elements="46" coveredelements="0"/>
    </file>
    <metrics files="1" loc="132" ncloc="122" classes="1" methods="10" coveredmethods="0" conditionals="0" coveredconditionals="0" statements="36" coveredstatements="0" elements="46" coveredelements="0"/>
  </project>
</coverage>
