<?xml version="1.0" encoding="UTF-8"?>
<coverage generated="1605877605">
  <project timestamp="1605877605">
    <file name="/home/runner/work/sanitize-image/sanitize-image/src/Services/ImageCleaningService.php">
      <class name="App\Services\ImageCleaningService" namespace="global">
        <metrics complexity="16" methods="10" coveredmethods="0" conditionals="0" coveredconditionals="0" statements="37" coveredstatements="0" elements="47" coveredelements="0"/>
      </class>
      <line num="27" type="method" name="initBase64" visibility="public" complexity="3" crap="12" count="0"/>
      <line num="29" type="stmt" count="0"/>
      <line num="30" type="stmt" count="0"/>
      <line num="33" type="stmt" count="0"/>
      <line num="34" type="stmt" count="0"/>
      <line num="37" type="stmt" count="0"/>
      <line num="40" type="method" name="setResolution" visibility="public" complexity="1" crap="2" count="0"/>
      <line num="42" type="stmt" count="0"/>
      <line num="47" type="stmt" count="0"/>
      <line num="50" type="method" name="clean" visibility="public" complexity="1" crap="2" count="0"/>
      <line num="52" type="stmt" count="0"/>
      <line num="54" type="stmt" count="0"/>
      <line num="56" type="stmt" count="0"/>
      <line num="59" type="method" name="resize" visibility="public" complexity="4" crap="20" count="0"/>
      <line num="61" type="stmt" count="0"/>
      <line num="62" type="stmt" count="0"/>
      <line num="63" type="stmt" count="0"/>
      <line num="64" type="stmt" count="0"/>
      <line num="65" type="stmt" count="0"/>
      <line num="67" type="stmt" count="0"/>
      <line num="68" type="stmt" count="0"/>
      <line num="72" type="stmt" count="0"/>
      <line num="73" type="stmt" count="0"/>
      <line num="81" type="stmt" count="0"/>
      <line num="89" type="method" name="getBaseWebp" visibility="public" complexity="1" crap="2" count="0"/>
      <line num="91" type="stmt" count="0"/>
      <line num="92" type="stmt" count="0"/>
      <line num="93" type="stmt" count="0"/>
      <line num="95" type="stmt" count="0"/>
      <line num="98" type="method" name="getBaseJpeg" visibility="public" complexity="1" crap="2" count="0"/>
      <line num="100" type="stmt" count="0"/>
      <line num="101" type="stmt" count="0"/>
      <line num="102" type="stmt" count="0"/>
      <line num="103" type="stmt" count="0"/>
      <line num="105" type="stmt" count="0"/>
      <line num="108" type="method" name="stripImage" visibility="private" complexity="1" crap="2" count="0"/>
      <line num="110" type="stmt" count="0"/>
      <line num="111" type="stmt" count="0"/>
      <line num="114" type="method" name="makeImage" visibility="private" complexity="1" crap="2" count="0"/>
      <line num="116" type="stmt" count="0"/>
      <line num="117" type="stmt" count="0"/>
      <line num="120" type="method" name="validFormat" visibility="private" complexity="2" crap="6" count="0"/>
      <line num="122" type="stmt" count="0"/>
      <line num="123" type="stmt" count="0"/>
      <line num="126" type="stmt" count="0"/>
      <line num="129" type="method" name="getBareImage" visibility="private" complexity="1" crap="2" count="0"/>
      <line num="131" type="stmt" count="0"/>
      <metrics loc="133" ncloc="123" classes="1" methods="10" coveredmethods="0" conditionals="0" coveredconditionals="0" statements="37" coveredstatements="0" elements="47" coveredelements="0"/>
    </file>
    <metrics files="1" loc="133" ncloc="123" classes="1" methods="10" coveredmethods="0" conditionals="0" coveredconditionals="0" statements="37" coveredstatements="0" elements="47" coveredelements="0"/>
  </project>
</coverage>
